<?xml version="1.0" encoding="UTF-8"?>
<testng-results ignored="0" total="1" passed="1" failed="0" skipped="0">
  <reporter-output>
  </reporter-output>
  <suite started-at="2021-08-04T20:04:28 IST" name="Suite" finished-at="2021-08-04T20:04:49 IST" duration-ms="20128">
    <groups>
    </groups>
    <test started-at="2021-08-04T20:04:28 IST" name="Test" finished-at="2021-08-04T20:04:49 IST" duration-ms="20128">
      <class name="testcases.HomePageTestCases">
        <test-method is-config="true" signature="setUp()[pri:0, instance:testcases.HomePageTestCases@8b96fde]" started-at="2021-08-04T20:04:22 IST" name="setUp" finished-at="2021-08-04T20:04:28 IST" duration-ms="6794" status="PASS">
          <reporter-output>
          </reporter-output>
        </test-method> <!-- setUp -->
        <test-method signature="login_Account()[pri:0, instance:testcases.HomePageTestCases@8b96fde]" started-at="2021-08-04T20:04:28 IST" name="login_Account" finished-at="2021-08-04T20:04:49 IST" duration-ms="20068" status="PASS">
          <reporter-output>
          </reporter-output>
        </test-method> <!-- login_Account -->
        <test-method is-config="true" signature="tearDown()[pri:0, instance:testcases.HomePageTestCases@8b96fde]" started-at="2021-08-04T20:04:49 IST" name="tearDown" finished-at="2021-08-04T20:04:50 IST" duration-ms="1284" status="PASS">
          <reporter-output>
          </reporter-output>
        </test-method> <!-- tearDown -->
      </class> <!-- testcases.HomePageTestCases -->
    </test> <!-- Test -->
  </suite> <!-- Suite -->
</testng-results>
