<?xml version="1.0" encoding="UTF-8"?>
<testng-results ignored="0" total="1" passed="1" failed="0" skipped="0">
  <reporter-output>
  </reporter-output>
  <suite started-at="2021-08-04T05:48:17Z" name="Suite" finished-at="2021-08-04T05:48:36Z" duration-ms="18350">
    <groups>
    </groups>
    <test started-at="2021-08-04T05:48:17Z" name="Test" finished-at="2021-08-04T05:48:36Z" duration-ms="18350">
      <class name="testcases.HomePageTestCases">
        <test-method is-config="true" signature="setUp()[pri:0, instance:testcases.HomePageTestCases@1d76aeea]" started-at="2021-08-04T05:48:12Z" name="setUp" finished-at="2021-08-04T05:48:17Z" duration-ms="5780" status="PASS">
          <reporter-output>
          </reporter-output>
        </test-method> <!-- setUp -->
        <test-method signature="login_Account()[pri:0, instance:testcases.HomePageTestCases@1d76aeea]" started-at="2021-08-04T05:48:17Z" name="login_Account" finished-at="2021-08-04T05:48:36Z" duration-ms="18325" status="PASS">
          <reporter-output>
          </reporter-output>
        </test-method> <!-- login_Account -->
        <test-method is-config="true" signature="tearDown()[pri:0, instance:testcases.HomePageTestCases@1d76aeea]" started-at="2021-08-04T05:48:36Z" name="tearDown" finished-at="2021-08-04T05:48:37Z" duration-ms="1483" status="PASS">
          <reporter-output>
          </reporter-output>
        </test-method> <!-- tearDown -->
      </class> <!-- testcases.HomePageTestCases -->
    </test> <!-- Test -->
  </suite> <!-- Suite -->
</testng-results>
